<?xml version="1.0" encoding="UTF-8"?>
<testsuite name="SimpleBankSystemTest" tests="1" skipped="0" failures="0" errors="0" timestamp="2020-06-29T17:03:29" hostname="Szymons-MBP" time="1.102">
  <properties/>
  <testcase name="start" classname="SimpleBankSystemTest" time="1.102"/>
  <system-out><![CDATA[?[1;31m
Start test 1?[0m
1. Create an account
2. Log into account
0. Exit
> 0
Bye!
?[1;31m
Start test 2?[0m
1. Create an account
2. Log into account
0. Exit
> 0
Bye!
?[1;31m
Start test 3?[0m
1. Create an account
2. Log into account
0. Exit
> 0
Bye!
?[1;31m
Start test 4?[0m
1. Create an account
2. Log into account
0. Exit
> 0
Bye!
?[1;31m
Start test 5?[0m
1. Create an account
2. Log into account
0. Exit
> 1
Your card has been created
Your card number: 
4000007140361657
Your card PIN: 
5473
1. Create an account
2. Log into account
0. Exit
> 1
Your card has been created
Your card number: 
4000002657641187
Your card PIN: 
8599
1. Create an account
2. Log into account
0. Exit
> 1
Your card has been created
Your card number: 
4000008501800804
Your card PIN: 
4630
1. Create an account
2. Log into account
0. Exit
> 1
Your card has been created
Your card number: 
4000006632568274
Your card PIN: 
8214
1. Create an account
2. Log into account
0. Exit
> 0
Bye!
?[1;31m
Start test 6?[0m
1. Create an account
2. Log into account
0. Exit
> 1
Your card has been created
Your card number: 
4000006030844533
Your card PIN: 
4894
1. Create an account
2. Log into account
0. Exit
> 2
Enter your card number:
> 4000006030844533
Enter your PIN:
> 4894
You have successfully logged in!
1. Balance
2. Add income
3. Do transfer
4. Close account
5. Log out
0. Exit
> 0
Bye!
?[1;31m
Start test 7?[0m
1. Create an account
2. Log into account
0. Exit
> 1
Your card has been created
Your card number: 
4000008543428135
Your card PIN: 
9628
1. Create an account
2. Log into account
0. Exit
> 2
Enter your card number:
> 4000008543428135
Enter your PIN:
> 8776
Wrong card number or PIN!
1. Create an account
2. Log into account
0. Exit
> 0
Bye!
?[1;31m
Start test 8?[0m
1. Create an account
2. Log into account
0. Exit
> 1
Your card has been created
Your card number: 
4000000624842805
Your card PIN: 
2833
1. Create an account
2. Log into account
0. Exit
> 2
Enter your card number:
> 400000192567579
Enter your PIN:
> 2833
Wrong card number or PIN!
1. Create an account
2. Log into account
0. Exit
> 0
Bye!
?[1;31m
Start test 9?[0m
1. Create an account
2. Log into account
0. Exit
> 1
Your card has been created
Your card number: 
4000006337805583
Your card PIN: 
4948
1. Create an account
2. Log into account
0. Exit
> 2
Enter your card number:
> 4000006337805583
Enter your PIN:
> 4948
You have successfully logged in!
1. Balance
2. Add income
3. Do transfer
4. Close account
5. Log out
0. Exit
> 1
Balance: 0
1. Balance
2. Add income
3. Do transfer
4. Close account
5. Log out
0. Exit
> 0
Bye!
?[1;31m
Start test 10?[0m
1. Create an account
2. Log into account
0. Exit
> 1
Your card has been created
Your card number: 
4000007127566708
Your card PIN: 
8457
1. Create an account
2. Log into account
0. Exit
> 2
Enter your card number:
> 4000007127566708
Enter your PIN:
> 8457
You have successfully logged in!
1. Balance
2. Add income
3. Do transfer
4. Close account
5. Log out
0. Exit
> 2
Enter income:
> 10000
Income was added!
1. Balance
2. Add income
3. Do transfer
4. Close account
5. Log out
0. Exit
> 2
Enter income:
> 15000
Income was added!
1. Balance
2. Add income
3. Do transfer
4. Close account
5. Log out
0. Exit
> 0
Bye!
?[1;31m
Start test 11?[0m
1. Create an account
2. Log into account
0. Exit
> 1
Your card has been created
Your card number: 
4000000681824803
Your card PIN: 
4586
1. Create an account
2. Log into account
0. Exit
> 2
Enter your card number:
> 4000000681824803
Enter your PIN:
> 4586
You have successfully logged in!
1. Balance
2. Add income
3. Do transfer
4. Close account
5. Log out
0. Exit
> 4
The account has been closed!
1. Create an account
2. Log into account
0. Exit
> 0
Bye!
]]></system-out>
  <system-err><![CDATA[]]></system-err>
</testsuite>
