<?xml version="1.0" encoding="UTF-8"?>
<testsuite name="TicTacToeTest" tests="1" skipped="0" failures="0" errors="0" timestamp="2020-03-09T16:12:16" hostname="MacBook-Pro-Szymon.local" time="0.88">
  <properties/>
  <testcase name="start" classname="TicTacToeTest" time="0.88"/>
  <system-out><![CDATA[?[1;31m
Start test 1?[0m
---------
|       |
|       |
|       |
---------
Enter coordinates: 
>1 4
Enter coordinates: 
>1 4
Enter coordinates: 
>1 1
---------
|       |
|       |
| X     |
---------
Enter coordinates: 
>4 2
Enter coordinates: 
>3 3
---------
|     O |
|       |
| X     |
---------
Enter coordinates: 
>3 4
Enter coordinates: 
>3 3
Enter coordinates: 
>3 4
Enter coordinates: 
>2 4
Enter coordinates: 
>3 1
---------
|     O |
|       |
| X   X |
---------
Enter coordinates: 
>1 1
Enter coordinates: 
>1 2
---------
|     O |
| O     |
| X   X |
---------
Enter coordinates: 
>1 3
---------
| X   O |
| O     |
| X   X |
---------
Enter coordinates: 
>2 1
---------
| X   O |
| O     |
| X O X |
---------
Enter coordinates: 
>2 2
---------
| X   O |
| O X   |
| X O X |
---------
X wins
?[1;31m
Start test 2?[0m
---------
|       |
|       |
|       |
---------
Enter coordinates: 
>4 1
Enter coordinates: 
>2 2
---------
|       |
|   X   |
|       |
---------
Enter coordinates: 
>1 3
---------
| O     |
|   X   |
|       |
---------
Enter coordinates: 
>2 1
---------
| O     |
|   X   |
|   X   |
---------
Enter coordinates: 
>4 3
Enter coordinates: 
>2 2
Enter coordinates: 
>4 2
Enter coordinates: 
>4 4
Enter coordinates: 
>1 4
Enter coordinates: 
>4 4
Enter coordinates: 
>4 4
Enter coordinates: 
>1 2
---------
| O     |
| O X   |
|   X   |
---------
Enter coordinates: 
>1 3
Enter coordinates: 
>2 1
Enter coordinates: 
>2 2
Enter coordinates: 
>2 3
---------
| O X   |
| O X   |
|   X   |
---------
X wins
?[1;31m
Start test 3?[0m
---------
|       |
|       |
|       |
---------
Enter coordinates: 
>2 2
---------
|       |
|   X   |
|       |
---------
Enter coordinates: 
>4 1
Enter coordinates: 
>2 1
---------
|       |
|   X   |
|   O   |
---------
Enter coordinates: 
>3 3
---------
|     X |
|   X   |
|   O   |
---------
Enter coordinates: 
>2 2
Enter coordinates: 
>3 2
---------
|     X |
|   X O |
|   O   |
---------
Enter coordinates: 
>3 4
Enter coordinates: 
>2 3
---------
|   X X |
|   X O |
|   O   |
---------
Enter coordinates: 
>4 2
Enter coordinates: 
>2 2
Enter coordinates: 
>1 3
---------
| O X X |
|   X O |
|   O   |
---------
Enter coordinates: 
>2 1
Enter coordinates: 
>2 2
Enter coordinates: 
>2 3
Enter coordinates: 
>3 1
---------
| O X X |
|   X O |
|   O X |
---------
Enter coordinates: 
>3 2
Enter coordinates: 
>3 3
Enter coordinates: 
>1 1
---------
| O X X |
|   X O |
| O O X |
---------
Enter coordinates: 
>1 2
---------
| O X X |
| X X O |
| O O X |
---------
Draw
?[1;31m
Start test 4?[0m
---------
|       |
|       |
|       |
---------
Enter coordinates: 
>4 3
Enter coordinates: 
>1 2
---------
|       |
| X     |
|       |
---------
Enter coordinates: 
>2 3
---------
|   O   |
| X     |
|       |
---------
Enter coordinates: 
>2 3
Enter coordinates: 
>3 4
Enter coordinates: 
>3 2
---------
|   O   |
| X   X |
|       |
---------
Enter coordinates: 
>2 4
Enter coordinates: 
>1 4
Enter coordinates: 
>2 1
---------
|   O   |
| X   X |
|   O   |
---------
Enter coordinates: 
>2 4
Enter coordinates: 
>2 4
Enter coordinates: 
>2 1
Enter coordinates: 
>2 2
---------
|   O   |
| X X X |
|   O   |
---------
X wins
?[1;31m
Start test 5?[0m
---------
|       |
|       |
|       |
---------
Enter coordinates: 
>3 4
Enter coordinates: 
>4 1
Enter coordinates: 
>4 3
Enter coordinates: 
>2 2
---------
|       |
|   X   |
|       |
---------
Enter coordinates: 
>4 2
Enter coordinates: 
>3 4
Enter coordinates: 
>4 1
Enter coordinates: 
>1 3
---------
| O     |
|   X   |
|       |
---------
Enter coordinates: 
>1 3
Enter coordinates: 
>3 3
---------
| O   X |
|   X   |
|       |
---------
Enter coordinates: 
>2 2
Enter coordinates: 
>2 3
---------
| O O X |
|   X   |
|       |
---------
Enter coordinates: 
>3 1
---------
| O O X |
|   X   |
|     X |
---------
Enter coordinates: 
>3 2
---------
| O O X |
|   X O |
|     X |
---------
Enter coordinates: 
>3 3
Enter coordinates: 
>1 1
---------
| O O X |
|   X O |
| X   X |
---------
X wins
?[1;31m
Start test 6?[0m
---------
|       |
|       |
|       |
---------
Enter coordinates: 
>4 5
Enter coordinates: 
>4 4
Enter coordinates: 
>1 2
---------
|       |
| X     |
|       |
---------
Enter coordinates: 
>3 3
---------
|     O |
| X     |
|       |
---------
Enter coordinates: 
>2 1
---------
|     O |
| X     |
|   X   |
---------
Enter coordinates: 
>4 1
Enter coordinates: 
>2 4
Enter coordinates: 
>1 1
---------
|     O |
| X     |
| O X   |
---------
Enter coordinates: 
>2 2
---------
|     O |
| X X   |
| O X   |
---------
Enter coordinates: 
>4 1
Enter coordinates: 
>3 3
Enter coordinates: 
>2 3
---------
|   O O |
| X X   |
| O X   |
---------
Enter coordinates: 
>3 1
---------
|   O O |
| X X   |
| O X X |
---------
Enter coordinates: 
>3 2
---------
|   O O |
| X X O |
| O X X |
---------
Enter coordinates: 
>3 3
Enter coordinates: 
>1 1
Enter coordinates: 
>1 2
Enter coordinates: 
>1 3
---------
| X O O |
| X X O |
| O X X |
---------
X wins
?[1;31m
Start test 7?[0m
---------
|       |
|       |
|       |
---------
Enter coordinates: 
>1 3
---------
| X     |
|       |
|       |
---------
Enter coordinates: 
>3 3
---------
| X   O |
|       |
|       |
---------
Enter coordinates: 
>2 3
---------
| X X O |
|       |
|       |
---------
Enter coordinates: 
>1 2
---------
| X X O |
| O     |
|       |
---------
Enter coordinates: 
>4 3
Enter coordinates: 
>2 1
---------
| X X O |
| O     |
|   X   |
---------
Enter coordinates: 
>3 1
---------
| X X O |
| O     |
|   X O |
---------
Enter coordinates: 
>3 1
Enter coordinates: 
>2 4
Enter coordinates: 
>1 2
Enter coordinates: 
>3 1
Enter coordinates: 
>3 2
---------
| X X O |
| O   X |
|   X O |
---------
Enter coordinates: 
>3 3
Enter coordinates: 
>1 1
---------
| X X O |
| O   X |
| O X O |
---------
Enter coordinates: 
>1 2
Enter coordinates: 
>1 3
Enter coordinates: 
>2 1
Enter coordinates: 
>2 2
---------
| X X O |
| O X X |
| O X O |
---------
X wins
?[1;31m
Start test 8?[0m
---------
|       |
|       |
|       |
---------
Enter coordinates: 
>4 7
Enter coordinates: 
>3 1
---------
|       |
|       |
|     X |
---------
Enter coordinates: 
>2 2
---------
|       |
|   O   |
|     X |
---------
Enter coordinates: 
>2 3
---------
|   X   |
|   O   |
|     X |
---------
Enter coordinates: 
>3 3
---------
|   X O |
|   O   |
|     X |
---------
Enter coordinates: 
>4 3
Enter coordinates: 
>3 3
Enter coordinates: 
>1 2
---------
|   X O |
| X O   |
|     X |
---------
Enter coordinates: 
>3 1
Enter coordinates: 
>2 2
Enter coordinates: 
>2 4
Enter coordinates: 
>3 2
---------
|   X O |
| X O O |
|     X |
---------
Enter coordinates: 
>3 3
Enter coordinates: 
>1 1
---------
|   X O |
| X O O |
| X   X |
---------
Enter coordinates: 
>1 2
Enter coordinates: 
>1 3
---------
| O X O |
| X O O |
| X   X |
---------
Enter coordinates: 
>2 1
---------
| O X O |
| X O O |
| X X X |
---------
X wins
?[1;31m
Start test 9?[0m
---------
|       |
|       |
|       |
---------
Enter coordinates: 
>1 2
---------
|       |
| X     |
|       |
---------
Enter coordinates: 
>1 1
---------
|       |
| X     |
| O     |
---------
Enter coordinates: 
>3 4
Enter coordinates: 
>2 1
---------
|       |
| X     |
| O X   |
---------
Enter coordinates: 
>2 1
Enter coordinates: 
>3 1
---------
|       |
| X     |
| O X O |
---------
Enter coordinates: 
>1 1
Enter coordinates: 
>1 3
---------
| X     |
| X     |
| O X O |
---------
Enter coordinates: 
>4 2
Enter coordinates: 
>4 3
Enter coordinates: 
>3 3
---------
| X   O |
| X     |
| O X O |
---------
Enter coordinates: 
>1 1
Enter coordinates: 
>1 2
Enter coordinates: 
>1 3
Enter coordinates: 
>2 1
Enter coordinates: 
>2 2
---------
| X   O |
| X X   |
| O X O |
---------
Enter coordinates: 
>2 3
---------
| X O O |
| X X   |
| O X O |
---------
Enter coordinates: 
>3 1
Enter coordinates: 
>3 2
---------
| X O O |
| X X X |
| O X O |
---------
X wins
]]></system-out>
  <system-err><![CDATA[Coordinates should be from 1 to 3!
Coordinates should be from 1 to 3!
Coordinates should be from 1 to 3!
Coordinates should be from 1 to 3!
This cell is occupied! Choose another one!
Coordinates should be from 1 to 3!
Coordinates should be from 1 to 3!
This cell is occupied! Choose another one!
Coordinates should be from 1 to 3!
Coordinates should be from 1 to 3!
This cell is occupied! Choose another one!
Coordinates should be from 1 to 3!
Coordinates should be from 1 to 3!
Coordinates should be from 1 to 3!
Coordinates should be from 1 to 3!
Coordinates should be from 1 to 3!
This cell is occupied! Choose another one!
This cell is occupied! Choose another one!
This cell is occupied! Choose another one!
Coordinates should be from 1 to 3!
This cell is occupied! Choose another one!
Coordinates should be from 1 to 3!
Coordinates should be from 1 to 3!
This cell is occupied! Choose another one!
This cell is occupied! Choose another one!
This cell is occupied! Choose another one!
This cell is occupied! Choose another one!
This cell is occupied! Choose another one!
This cell is occupied! Choose another one!
Coordinates should be from 1 to 3!
This cell is occupied! Choose another one!
Coordinates should be from 1 to 3!
Coordinates should be from 1 to 3!
Coordinates should be from 1 to 3!
Coordinates should be from 1 to 3!
Coordinates should be from 1 to 3!
This cell is occupied! Choose another one!
Coordinates should be from 1 to 3!
Coordinates should be from 1 to 3!
Coordinates should be from 1 to 3!
Coordinates should be from 1 to 3!
Coordinates should be from 1 to 3!
Coordinates should be from 1 to 3!
This cell is occupied! Choose another one!
This cell is occupied! Choose another one!
This cell is occupied! Choose another one!
Coordinates should be from 1 to 3!
Coordinates should be from 1 to 3!
Coordinates should be from 1 to 3!
Coordinates should be from 1 to 3!
Coordinates should be from 1 to 3!
This cell is occupied! Choose another one!
This cell is occupied! Choose another one!
This cell is occupied! Choose another one!
This cell is occupied! Choose another one!
Coordinates should be from 1 to 3!
This cell is occupied! Choose another one!
Coordinates should be from 1 to 3!
This cell is occupied! Choose another one!
This cell is occupied! Choose another one!
This cell is occupied! Choose another one!
This cell is occupied! Choose another one!
This cell is occupied! Choose another one!
This cell is occupied! Choose another one!
Coordinates should be from 1 to 3!
Coordinates should be from 1 to 3!
This cell is occupied! Choose another one!
This cell is occupied! Choose another one!
This cell is occupied! Choose another one!
Coordinates should be from 1 to 3!
This cell is occupied! Choose another one!
This cell is occupied! Choose another one!
Coordinates should be from 1 to 3!
This cell is occupied! Choose another one!
This cell is occupied! Choose another one!
Coordinates should be from 1 to 3!
Coordinates should be from 1 to 3!
This cell is occupied! Choose another one!
This cell is occupied! Choose another one!
This cell is occupied! Choose another one!
This cell is occupied! Choose another one!
This cell is occupied! Choose another one!
]]></system-err>
</testsuite>
